<?xml version="1.0" encoding="UTF-8"?>
<testsuite name="com.tomchinsky.imdb.controller.MovieTitleConnectionHandlerImplTest" tests="1" skipped="0" failures="0" errors="0" timestamp="2020-09-20T21:51:00" hostname="rtomchinsky" time="0.255">
  <properties/>
  <testcase name="canGetAndSendData" classname="com.tomchinsky.imdb.controller.MovieTitleConnectionHandlerImplTest" time="0.255"/>
  <system-out><![CDATA[]]></system-out>
  <system-err><![CDATA[]]></system-err>
</testsuite>
